<?xml version="1.0" encoding="UTF-8"?>
<!-- Generated by org.testng.reporters.JUnitReportReporter -->
<testsuite hostname="DESKTOP-0SUFS73" failures="0" tests="3" name="test_pkg.TestNG" time="0.020" errors="0" timestamp="2023-03-15T23:53:29 IST" skipped="0">
  <testcase classname="test_pkg.TestNG" name="t001" time="0.011"/>
  <system-out/>
  <testcase classname="test_pkg.TestNG" name="t003" time="0.004"/>
  <system-out/>
  <testcase classname="test_pkg.TestNG" name="t002" time="0.005"/>
  <system-out/>
</testsuite> <!-- test_pkg.TestNG -->
